<?xml version="1.0" encoding="UTF-8"?>
<!-- Generated by org.testng.reporters.JUnitReportReporter -->
<testsuite skipped="0" hostname="DESKTOP-A522TDA" name="com.cjc.log4jDemo.MercuryTest" tests="3" failures="0" timestamp="11 Apr 2019 11:40:54 GMT" time="93.613" errors="0">
  <testcase name="openBrowser" time="5.508" classname="com.cjc.log4jDemo.MercuryTest"/>
  <testcase name="enterApplUrl" time="8.786" classname="com.cjc.log4jDemo.MercuryTest"/>
  <testcase name="loginwithValidDetails" time="79.319" classname="com.cjc.log4jDemo.MercuryTest"/>
</testsuite> <!-- com.cjc.log4jDemo.MercuryTest -->
